---- STDOUT ----
This is XeTeX, Version 3.141592653-2.6-0.999994 (TeX Live 2022/Debian) (preloaded format=xelatex)
 restricted \write18 enabled.
entering extended mode
(./Results.tex
LaTeX2e <2022-11-01> patch level 1
L3 programming layer <2023-01-16>
(/usr/share/texlive/texmf-dist/tex/latex/base/article.cls
Document Class: article 2022/07/02 v1.4n Standard LaTeX document class
(/usr/share/texlive/texmf-dist/tex/latex/base/size10.clo))
(/usr/share/texlive/texmf-dist/tex/latex/amsmath/amsmath.sty
For additional information on amsmath, use the `?' option.
(/usr/share/texlive/texmf-dist/tex/latex/amsmath/amstext.sty
(/usr/share/texlive/texmf-dist/tex/latex/amsmath/amsgen.sty))
(/usr/share/texlive/texmf-dist/tex/latex/amsmath/amsbsy.sty)
(/usr/share/texlive/texmf-dist/tex/latex/amsmath/amsopn.sty))
(/usr/share/texlive/texmf-dist/tex/latex/multirow/multirow.sty)
(/usr/share/texlive/texmf-dist/tex/latex/natbib/natbib.sty)
(/usr/share/texlive/texmf-dist/tex/latex/graphics/graphicx.sty
(/usr/share/texlive/texmf-dist/tex/latex/graphics/keyval.sty)
(/usr/share/texlive/texmf-dist/tex/latex/graphics/graphics.sty
(/usr/share/texlive/texmf-dist/tex/latex/graphics/trig.sty)
(/usr/share/texlive/texmf-dist/tex/latex/graphics-cfg/graphics.cfg)
(/usr/share/texlive/texmf-dist/tex/latex/graphics-def/xetex.def)))
(/usr/share/texlive/texmf-dist/tex/latex/l3backend/l3backend-xetex.def)
No file Results.aux.
(/usr/share/texlive/texmf-dist/tex/latex/base/ts1cmr.fd)

LaTeX Warning: Reference `fig:image1' on page 1 undefined on input line 21.

Missing character: There is no σ (U+03C3) in font [lmroman10-regular]:mapping=t
ex-text;!
Missing character: There is no σ (U+03C3) in font [lmroman10-regular]:mapping=t
ex-text;!

LaTeX Warning: `!h' float specifier changed to `!ht'.

! Undefined control sequence.
l.30 ...tantial at the largest scales ($k \lesssim
                                                   0.05 \, \text{h/Mpc}$), w...

? ! Undefined control sequence.
l.30 ...this regime. At smaller scales ($k \gtrsim
                                                   0.1 \, \text{h/Mpc}$), th...

? 
! Emergency stop.
l.30 
     
No pages of output.
Transcript written on Results.log.
---- STDERR ----
