LaTeX Compilation Errors Found:

! Undefined control sequence.
l.48 ...to within 3\% on large scales ($k \lesssim
0.07 \, h/\text{Mpc}$). O...

? [1]

LaTeX Warning: Reference `fig:image1' on page 2 undefined on input line 59.


LaTeX Warning: Reference `fig:image0' on page 2 undefined on input line 59.

[2]

LaTeX Warning: `!h' float specifier changed to `!ht'.

[3] [4] (./Results.aux)

LaTeX Warning: There were undefined references.


LaTeX Warning: Label(s) may have changed. Rerun to get cross-references right.


! Undefined control sequence.
l.22 ...to within 3\% on large scales ($k \lesssim
0.07 \, h/\text{Mpc}$). O...

? [1]

LaTeX Warning: Reference `fig:image0' on page 2 undefined on input line 42.


LaTeX Warning: `!h' float specifier changed to `!ht'.


LaTeX Warning: Reference `tab:performance' on page 2 undefined on input line 53
.

[2] [3] [4] (./Results_refined.aux)

LaTeX Warning: There were undefined references.


LaTeX Warning: Label(s) may have changed. Rerun to get cross-references right.


! Undefined control sequence.
l.22 ...to within 3\% on large scales ($k \lesssim
0.07 \, h/\text{Mpc}$). O...

? [1]

LaTeX Warning: Reference `fig:image0' on page 2 undefined on input line 42.


LaTeX Warning: `!h' float specifier changed to `!ht'.


LaTeX Warning: Reference `tab:performance' on page 2 undefined on input line 53
.

[2] [3] [4] (./Results_refined_v1.aux)

LaTeX Warning: There were undefined references.


LaTeX Warning: Label(s) may have changed. Rerun to get cross-references right.


